<?xml version="1.0" encoding="UTF-8"?>
<!-- Generated by org.testng.reporters.JUnitReportReporter -->
<testsuite skipped="0" hostname="LAPTOP-TI0RNES2" name="javascriptExecutor.Test0" tests="1" failures="0" timestamp="2022-11-24T23:21:40 IST" time="48.344" errors="0">
  <testcase name="demo" time="48.344" classname="javascriptExecutor.Test0"/>
  <system-out/>
</testsuite> <!-- javascriptExecutor.Test0 -->
