<?xml version="1.0" encoding="UTF-8"?>
<!-- Generated by org.testng.reporters.JUnitReportReporter -->
<testsuite skipped="0" hostname="LAPTOP-TI0RNES2" name="synchronization.ImplicityWait" tests="1" failures="0" timestamp="2022-11-23T23:03:48 IST" time="5.972" errors="0">
  <testcase name="amazon" time="5.972" classname="synchronization.ImplicityWait"/>
  <system-out/>
</testsuite> <!-- synchronization.ImplicityWait -->
