<?xml version="1.0" encoding="UTF-8"?>
<!-- Generated by org.testng.reporters.JUnitReportReporter -->
<testsuite skipped="0" hostname="LAPTOP-TI0RNES2" name="javascriptExecutor.Test3" tests="1" failures="0" timestamp="2022-11-25T00:09:49 IST" time="34.266" errors="0">
  <testcase name="demo" time="34.266" classname="javascriptExecutor.Test3"/>
  <system-out/>
</testsuite> <!-- javascriptExecutor.Test3 -->
