<?xml version="1.0" encoding="UTF-8"?>
<!-- Generated by org.testng.reporters.JUnitReportReporter -->
<testsuite skipped="0" hostname="LAPTOP-TI0RNES2" name="chromeoption_programs.NotificationAndGeolocation" tests="1" failures="0" timestamp="2022-11-27T16:53:30 IST" time="5.595" errors="0">
  <testcase name="amazon" time="5.595" classname="chromeoption_programs.NotificationAndGeolocation"/>
  <system-out/>
</testsuite> <!-- chromeoption_programs.NotificationAndGeolocation -->
