<?xml version="1.0" encoding="UTF-8"?>
<!-- Generated by org.testng.reporters.JUnitReportReporter -->
<testsuite skipped="0" hostname="LAPTOP-TI0RNES2" name="chromeoption_programs.CheckChromeversion" tests="1" failures="0" timestamp="2022-11-27T16:54:59 IST" time="23.908" errors="0">
  <testcase name="amazon" time="23.908" classname="chromeoption_programs.CheckChromeversion"/>
  <system-out/>
</testsuite> <!-- chromeoption_programs.CheckChromeversion -->
