<?xml version="1.0" encoding="UTF-8"?>
<!-- Generated by org.testng.reporters.JUnitReportReporter -->
<testsuite skipped="0" hostname="LAPTOP-TI0RNES2" name="debugging.Amazon" tests="1" failures="0" timestamp="2022-11-23T22:54:56 IST" time="69.561" errors="0">
  <testcase name="amazon" time="69.561" classname="debugging.Amazon"/>
  <system-out/>
</testsuite> <!-- debugging.Amazon -->
