<?xml version="1.0" encoding="UTF-8"?>
<!-- Generated by org.testng.reporters.JUnitReportReporter -->
<testsuite skipped="0" hostname="LAPTOP-TI0RNES2" name="javascriptExecutor.Test4" tests="1" failures="0" timestamp="2022-11-25T00:23:54 IST" time="26.176" errors="0">
  <testcase name="demo" time="26.176" classname="javascriptExecutor.Test4"/>
  <system-out/>
</testsuite> <!-- javascriptExecutor.Test4 -->
