<?xml version="1.0" encoding="UTF-8"?>
<!-- Generated by org.testng.reporters.JUnitReportReporter -->
<testsuite skipped="0" hostname="LAPTOP-TI0RNES2" name="synchronization.CustomWait" tests="1" failures="0" timestamp="2022-11-23T23:25:23 IST" time="9.916" errors="0">
  <testcase name="amazon" time="9.916" classname="synchronization.CustomWait"/>
  <system-out/>
</testsuite> <!-- synchronization.CustomWait -->
