<?xml version="1.0" encoding="UTF-8"?>
<!-- Generated by org.testng.reporters.JUnitReportReporter -->
<testsuite skipped="0" hostname="LAPTOP-TI0RNES2" name="chromeoption_programs.MaximizedMode" tests="1" failures="0" timestamp="2022-11-27T16:50:22 IST" time="7.821" errors="0">
  <testcase name="amazon" time="7.821" classname="chromeoption_programs.MaximizedMode"/>
  <system-out/>
</testsuite> <!-- chromeoption_programs.MaximizedMode -->
