<?xml version="1.0" encoding="UTF-8"?>
<!-- Generated by org.testng.reporters.JUnitReportReporter -->
<testsuite skipped="0" hostname="LAPTOP-TI0RNES2" name="javascriptExecutor.Test1" tests="1" failures="0" timestamp="2022-11-24T23:57:24 IST" time="34.012" errors="0">
  <testcase name="demo" time="34.012" classname="javascriptExecutor.Test1"/>
  <system-out/>
</testsuite> <!-- javascriptExecutor.Test1 -->
