<?xml version="1.0" encoding="UTF-8"?>
<!-- Generated by org.testng.reporters.JUnitReportReporter -->
<testsuite skipped="0" hostname="LAPTOP-TI0RNES2" name="chromeoption_programs.HeadlessBrowser" tests="1" failures="0" timestamp="2022-11-27T16:50:58 IST" time="7.107" errors="0">
  <testcase name="amazon" time="7.107" classname="chromeoption_programs.HeadlessBrowser"/>
  <system-out/>
</testsuite> <!-- chromeoption_programs.HeadlessBrowser -->
