<?xml version="1.0" encoding="UTF-8"?>
<!-- Generated by org.testng.reporters.JUnitReportReporter -->
<testsuite skipped="0" hostname="LAPTOP-TI0RNES2" name="javascriptExecutor.Test2" tests="1" failures="0" timestamp="2022-11-25T00:03:59 IST" time="43.737" errors="0">
  <testcase name="demo" time="43.737" classname="javascriptExecutor.Test2"/>
  <system-out/>
</testsuite> <!-- javascriptExecutor.Test2 -->
