<?xml version="1.0" encoding="UTF-8"?>
<!-- Generated by org.testng.reporters.JUnitReportReporter -->
<testsuite skipped="0" hostname="LAPTOP-TI0RNES2" name="javascriptExecutor_programs.Test4" tests="1" failures="0" timestamp="2022-11-25T17:32:14 IST" time="12.001" errors="0">
  <testcase name="demo" time="12.001" classname="javascriptExecutor_programs.Test4"/>
  <system-out/>
</testsuite> <!-- javascriptExecutor_programs.Test4 -->
