<?xml version="1.0" encoding="UTF-8"?>
<!-- Generated by org.testng.reporters.JUnitReportReporter -->
<testsuite skipped="0" hostname="LAPTOP-TI0RNES2" name="chromeoption_programs.IncognitoMode" tests="1" failures="0" timestamp="2022-11-27T16:50:40 IST" time="4.385" errors="0">
  <testcase name="amazon" time="4.385" classname="chromeoption_programs.IncognitoMode"/>
  <system-out/>
</testsuite> <!-- chromeoption_programs.IncognitoMode -->
