<?xml version="1.0" encoding="UTF-8"?>
<!-- Generated by org.testng.reporters.JUnitReportReporter -->
<testsuite skipped="0" hostname="LAPTOP-TI0RNES2" name="javascriptExecutor.Test5" tests="1" failures="0" timestamp="2022-11-25T00:42:52 IST" time="8.351" errors="0">
  <testcase name="demo" time="8.351" classname="javascriptExecutor.Test5"/>
  <system-out/>
</testsuite> <!-- javascriptExecutor.Test5 -->
