<?xml version="1.0" encoding="UTF-8"?>
<!-- Generated by org.testng.reporters.JUnitReportReporter -->
<testsuite hostname="LAPTOP-TI0RNES2" failures="0" tests="1" name="scripts.Test2" time="0.000" errors="0" timestamp="2022-11-10T02:07:28 IST" skipped="0">
  <testcase classname="scripts.Test2" name="tc3" time="0.000"/>
  <system-out>
    <![CDATA[Hello python]]>
  </system-out>
</testsuite> <!-- scripts.Test2 -->
