<?xml version="1.0" encoding="UTF-8"?>
<!-- Generated by org.testng.reporters.JUnitReportReporter -->
<testsuite hostname="LAPTOP-TI0RNES2" failures="0" tests="1" name="scripts.Test0" time="0.004" errors="0" timestamp="2022-11-10T02:07:28 IST" skipped="0">
  <testcase classname="scripts.Test0" name="tc1" time="0.004"/>
  <system-out>
    <![CDATA[Hello java]]>
  </system-out>
</testsuite> <!-- scripts.Test0 -->
